__main__-2024-05-08 03:05:31,918-DEBUG-デバッグログ
__main__-2024-05-08 03:05:31,921-INFO-インフォログ
__main__-2024-05-08 03:05:31,921-WARNING-ワーニングログ
__main__-2024-05-08 03:05:31,925-ERROR-エラーログ
__main__-2024-05-08 03:05:31,926-CRITICAL-クリティカルログ
__main__-2024-05-08 03:05:32,927-DEBUG-デバッグログ
__main__-2024-05-08 03:05:32,928-INFO-インフォログ
__main__-2024-05-08 03:05:32,929-WARNING-ワーニングログ
__main__-2024-05-08 03:05:32,929-ERROR-エラーログ
__main__-2024-05-08 03:05:32,932-CRITICAL-クリティカルログ
__main__-2024-05-08 03:05:33,934-DEBUG-デバッグログ
__main__-2024-05-08 03:05:33,935-INFO-インフォログ
__main__-2024-05-08 03:05:33,936-WARNING-ワーニングログ
__main__-2024-05-08 03:05:33,937-ERROR-エラーログ
__main__-2024-05-08 03:05:33,937-CRITICAL-クリティカルログ
__main__-2024-05-08 03:05:34,939-DEBUG-デバッグログ
__main__-2024-05-08 03:05:34,940-INFO-インフォログ
__main__-2024-05-08 03:05:34,941-WARNING-ワーニングログ
__main__-2024-05-08 03:05:34,942-ERROR-エラーログ
__main__-2024-05-08 03:05:34,943-CRITICAL-クリティカルログ
__main__-2024-05-08 03:05:35,945-DEBUG-デバッグログ
__main__-2024-05-08 03:05:35,949-INFO-インフォログ
__main__-2024-05-08 03:05:35,950-WARNING-ワーニングログ
__main__-2024-05-08 03:05:35,951-ERROR-エラーログ
__main__-2024-05-08 03:05:35,952-CRITICAL-クリティカルログ
__main__-2024-05-08 03:05:36,963-DEBUG-デバッグログ
__main__-2024-05-08 03:05:36,965-INFO-インフォログ
__main__-2024-05-08 03:05:36,965-WARNING-ワーニングログ
__main__-2024-05-08 03:05:36,966-ERROR-エラーログ
__main__-2024-05-08 03:05:36,967-CRITICAL-クリティカルログ
__main__-2024-05-08 03:05:37,969-DEBUG-デバッグログ
__main__-2024-05-08 03:05:37,970-INFO-インフォログ
__main__-2024-05-08 03:05:37,971-WARNING-ワーニングログ
__main__-2024-05-08 03:05:37,971-ERROR-エラーログ
__main__-2024-05-08 03:05:37,972-CRITICAL-クリティカルログ
__main__-2024-05-08 03:05:38,974-DEBUG-デバッグログ
__main__-2024-05-08 03:05:38,975-INFO-インフォログ
__main__-2024-05-08 03:05:38,976-WARNING-ワーニングログ
__main__-2024-05-08 03:05:38,977-ERROR-エラーログ
__main__-2024-05-08 03:05:38,977-CRITICAL-クリティカルログ
__main__-2024-05-08 03:05:39,979-DEBUG-デバッグログ
__main__-2024-05-08 03:05:39,983-INFO-インフォログ
__main__-2024-05-08 03:05:39,984-WARNING-ワーニングログ
__main__-2024-05-08 03:05:39,985-ERROR-エラーログ
__main__-2024-05-08 03:05:39,985-CRITICAL-クリティカルログ
__main__-2024-05-08 03:05:40,995-DEBUG-デバッグログ
__main__-2024-05-08 03:05:40,996-INFO-インフォログ
__main__-2024-05-08 03:05:40,997-WARNING-ワーニングログ
__main__-2024-05-08 03:05:40,998-ERROR-エラーログ
__main__-2024-05-08 03:05:40,999-CRITICAL-クリティカルログ
